[DEBUG] Key verification passed.
[WARNING] Retrying failed service...
[SECURITY] Fallback procedure started.
[INFO] Key verification passed.
[NOTICE] Running cleanup routine.
[WARNING] Unauthorized attempt detected.
[WARNING] Database connection lost.
[ERROR] Connection established.
[INFO] No action required.
[DEBUG] Fallback procedure started.
[INFO] Memory allocation successful.
[INFO] No action required.
[SECURITY] User permissions granted.
[SECURITY] Memory allocation successful.
[INFO] Temporary file deleted.
[NOTICE] Invalid checksum detected.
[ERROR] Connection established.
[DEBUG] Fallback procedure started.
[ERROR] Running cleanup routine.
[ERROR] Background task completed.
[WARNING] Unauthorized attempt detected.
[WARNING] Background task completed.
[ERROR] Key verification passed.
[DEBUG] Module initialized.
[DEBUG] Invalid checksum detected.
[WARNING] Retrying failed service...
[WARNING] Session expired.
[DEBUG] Fallback procedure started.
[SECURITY] Background task completed.
[DEBUG] Invalid checksum detected.
[NOTICE] No action required.
[WARNING] Session expired.
[ERROR] Fallback procedure started.
[DEBUG] Memory allocation successful.
[WARNING] Module initialized.
[DEBUG] No action required.
[NOTICE] Running cleanup routine.
[INFO] Cache cleared.
[DEBUG] Session expired.
[DEBUG] User permissions granted.
[INFO] Running cleanup routine.
[DEBUG] Unauthorized attempt detected.
[INFO] Retrying failed service...
[INFO] Session expired.
[NOTICE] Invalid checksum detected.
[SECURITY] Module initialized.
[NOTICE] No action required.
[SECURITY] Temporary file deleted.
[WARNING] Fallback procedure started.
[NOTICE] Module initialized.
[ERROR] Session expired.
[DEBUG] Fallback procedure started.
[DEBUG] Session expired.
[ERROR] Cache cleared.
[DEBUG] Module initialized.
[ERROR] No action required.
[SECURITY] Background task completed.
[DEBUG] Connection established.
[WARNING] Memory allocation successful.
[WARNING] No action required.
[WARNING] Key verification passed.
[WARNING] Cache cleared.
[INFO] Fallback procedure started.
[SECURITY] Background task completed.
[NOTICE] User permissions granted.
[DEBUG] Database connection lost.
[DEBUG] Memory allocation successful.
[ERROR] Fallback procedure started.
[ERROR] Database connection lost.
[WARNING] Unauthorized attempt detected.
[DEBUG] Cache cleared.
[DEBUG] XOR_KEY = 1234
[DEBUG] Connection established.
[INFO] Temporary file deleted.
[DEBUG] Unauthorized attempt detected.
[INFO] Memory allocation successful.
[INFO] Running cleanup routine.
[WARNING] Key verification passed.
[INFO] Connection established.
[WARNING] Retrying failed service...
[INFO] Unauthorized attempt detected.
[ERROR] Database connection lost.
[WARNING] Memory allocation successful.
[INFO] Cache cleared.
[ERROR] User permissions granted.
[ERROR] Module initialized.
[ERROR] Temporary file deleted.
[WARNING] User permissions granted.
[DEBUG] Unauthorized attempt detected.
[DEBUG] Temporary file deleted.
[INFO] Fallback procedure started.
[WARNING] Cache cleared.
[NOTICE] Background task completed.
[WARNING] Connection established.
[DEBUG] Module initialized.
[ERROR] User permissions granted.
[WARNING] Fallback procedure started.
[WARNING] Fallback procedure started.
[INFO] Session expired.
[SECURITY] Cache cleared.
[SECURITY] Retrying failed service...
[WARNING] Connection established.
[DEBUG] Key verification passed.
[DEBUG] Module initialized.
[WARNING] Unauthorized attempt detected.
[NOTICE] Temporary file deleted.
[WARNING] Connection established.
[DEBUG] Fallback procedure started.
[WARNING] Running cleanup routine.
[NOTICE] Fallback procedure started.
[INFO] Fallback procedure started.
[ERROR] No action required.
[SECURITY] Session expired.
[SECURITY] Connection established.
[NOTICE] Key verification passed.
[WARNING] Connection established.
[ERROR] No action required.
[WARNING] Database connection lost.
[ERROR] Key verification passed.
[SECURITY] Unauthorized attempt detected.
[SECURITY] Cache cleared.
[INFO] Key verification passed.
[ERROR] Module initialized.
[WARNING] Key verification passed.
[DEBUG] Database connection lost.
[DEBUG] No action required.
[SECURITY] Cache cleared.
[DEBUG] Cache cleared.
[NOTICE] No action required.
[ERROR] Retrying failed service...
[INFO] Cache cleared.
[DEBUG] Invalid checksum detected.
[DEBUG] Retrying failed service...
[SECURITY] Unauthorized attempt detected.
[SECURITY] Retrying failed service...
[WARNING] Module initialized.
[DEBUG] Session expired.
[INFO] Background task completed.
[DEBUG] Background task completed.
[DEBUG] Unauthorized attempt detected.
[DEBUG] User permissions granted.
[INFO] Background task completed.
[INFO] No action required.
[INFO] Fallback procedure started.
[NOTICE] Key verification passed.
[INFO] Temporary file deleted.
[NOTICE] Running cleanup routine.
[ERROR] Running cleanup routine.
[DEBUG] Unauthorized attempt detected.
[NOTICE] User permissions granted.
[INFO] Unauthorized attempt detected.
[ERROR] No action required.
[INFO] User permissions granted.
[DEBUG] Running cleanup routine.
[INFO] Temporary file deleted.
[SECURITY] Temporary file deleted.
[ERROR] User permissions granted.
[ERROR] Connection established.
[NOTICE] Fallback procedure started.
[SECURITY] Fallback procedure started.
[SECURITY] Module initialized.
[NOTICE] Key verification passed.
[SECURITY] Memory allocation successful.
[DEBUG] Module initialized.
[DEBUG] Database connection lost.
[WARNING] Fallback procedure started.
[DEBUG] Session expired.
[WARNING] Connection established.
[INFO] Unauthorized attempt detected.
[DEBUG] Retrying failed service...
[NOTICE] Module initialized.
[NOTICE] Key verification passed.
[ERROR] Connection established.
[SECURITY] Session expired.
[SECURITY] User permissions granted.
[SECURITY] Connection established.
[INFO] Retrying failed service...
[DEBUG] Fallback procedure started.
[INFO] Temporary file deleted.
[DEBUG] Cache cleared.
[ERROR] Connection established.
[INFO] Invalid checksum detected.
[ERROR] Retrying failed service...
[NOTICE] Fallback procedure started.
[WARNING] Retrying failed service...
[NOTICE] Key verification passed.
[NOTICE] Invalid checksum detected.
[NOTICE] Cache cleared.
[DEBUG] Database connection lost.
[NOTICE] Fallback procedure started.
[NOTICE] Retrying failed service...
[ERROR] Background task completed.
[DEBUG] User permissions granted.
[WARNING] Retrying failed service...
[WARNING] Connection established.
[WARNING] Background task completed.
[WARNING] Retrying failed service...
[INFO] Fallback procedure started.
[INFO] Memory allocation successful.
[NOTICE] Module initialized.
[DEBUG] Connection established.
